[debug] [2021-10-27T20:04:08.917Z] ----------------------------------------------------------------------
[debug] [2021-10-27T20:04:08.919Z] Command:       /usr/local/bin/node /usr/local/share/npm-global/bin/firebase emulators:start
[debug] [2021-10-27T20:04:08.919Z] CLI Version:   9.21.0
[debug] [2021-10-27T20:04:08.920Z] Platform:      linux
[debug] [2021-10-27T20:04:08.920Z] Node Version:  v16.8.0
[debug] [2021-10-27T20:04:08.920Z] Time:          Wed Oct 27 2021 20:04:08 GMT+0000 (Coordinated Universal Time)
[debug] [2021-10-27T20:04:08.920Z] ----------------------------------------------------------------------
[debug] 
[debug] [2021-10-27T20:04:09.010Z] > command requires scopes: ["email","openid","https://www.googleapis.com/auth/cloudplatformprojects.readonly","https://www.googleapis.com/auth/firebase","https://www.googleapis.com/auth/cloud-platform"]
[debug] [2021-10-27T20:04:09.010Z] > authorizing via signed-in user (1994benc@gmail.com)
[info] i  emulators: Starting emulators: auth, functions, firestore, database, storage {"metadata":{"emulator":{"name":"hub"},"message":"Starting emulators: auth, functions, firestore, database, storage"}}
[debug] [2021-10-27T20:04:09.035Z] [hub] writing locator at /tmp/hub-choosable-dev.json
[warn] ⚠  functions: The following emulators are not running, calls to these services from the Functions emulator will affect production: hosting, pubsub {"metadata":{"emulator":{"name":"functions"},"message":"The following emulators are not running, calls to these services from the Functions emulator will affect production: \u001b[1mhosting, pubsub\u001b[22m"}}
[info] ✔  functions: Using node@16 from host. {"metadata":{"emulator":{"name":"functions"},"message":"Using node@16 from host."}}
[debug] [2021-10-27T20:04:09.060Z] defaultcredentials: writing to file /home/node/.config/firebase/1994benc_gmail_com_application_default_credentials.json
[debug] [2021-10-27T20:04:09.062Z] Setting GAC to /home/node/.config/firebase/1994benc_gmail_com_application_default_credentials.json {"metadata":{"emulator":{"name":"functions"},"message":"Setting GAC to /home/node/.config/firebase/1994benc_gmail_com_application_default_credentials.json"}}
[debug] [2021-10-27T20:04:09.070Z] >>> [apiv2][query] GET https://firebase.googleapis.com/v1beta1/projects/choosable-dev/adminSdkConfig [none]
[debug] [2021-10-27T20:04:09.315Z] <<< [apiv2][status] GET https://firebase.googleapis.com/v1beta1/projects/choosable-dev/adminSdkConfig 200
[debug] [2021-10-27T20:04:09.316Z] <<< [apiv2][body] GET https://firebase.googleapis.com/v1beta1/projects/choosable-dev/adminSdkConfig {"projectId":"choosable-dev","storageBucket":"choosable-dev.appspot.com","locationId":"europe-west"}
[debug] [2021-10-27T20:04:09.331Z] Ignoring unsupported arg: projectId {"metadata":{"emulator":{"name":"firestore"},"message":"Ignoring unsupported arg: projectId"}}
[debug] [2021-10-27T20:04:09.332Z] Ignoring unsupported arg: auto_download {"metadata":{"emulator":{"name":"firestore"},"message":"Ignoring unsupported arg: auto_download"}}
[debug] [2021-10-27T20:04:09.332Z] Starting Firestore Emulator with command {"binary":"java","args":["-Dgoogle.cloud_firestore.debug_log_level=FINE","-Duser.language=en","-jar","/home/node/.cache/firebase/emulators/cloud-firestore-emulator-v1.13.1.jar","--host","localhost","--port",8081,"--rules","/workspaces/choosable/firestore.rules","--functions_emulator","localhost:5001"],"optionalArgs":["port","webchannel_port","host","rules","functions_emulator","seed_from_export"],"joinArgs":false} {"metadata":{"emulator":{"name":"firestore"},"message":"Starting Firestore Emulator with command {\"binary\":\"java\",\"args\":[\"-Dgoogle.cloud_firestore.debug_log_level=FINE\",\"-Duser.language=en\",\"-jar\",\"/home/node/.cache/firebase/emulators/cloud-firestore-emulator-v1.13.1.jar\",\"--host\",\"localhost\",\"--port\",8081,\"--rules\",\"/workspaces/choosable/firestore.rules\",\"--functions_emulator\",\"localhost:5001\"],\"optionalArgs\":[\"port\",\"webchannel_port\",\"host\",\"rules\",\"functions_emulator\",\"seed_from_export\"],\"joinArgs\":false}"}}
[info] i  firestore: Firestore Emulator logging to firestore-debug.log {"metadata":{"emulator":{"name":"firestore"},"message":"Firestore Emulator logging to \u001b[1mfirestore-debug.log\u001b[22m"}}
[debug] [2021-10-27T20:04:10.257Z] Oct 27, 2021 8:04:10 PM com.google.cloud.datastore.emulator.firestore.websocket.WebSocketServer start
INFO: Started WebSocket server on ws://localhost:36819
 {"metadata":{"emulator":{"name":"firestore"},"message":"Oct 27, 2021 8:04:10 PM com.google.cloud.datastore.emulator.firestore.websocket.WebSocketServer start\nINFO: Started WebSocket server on ws://localhost:36819\n"}}
[debug] [2021-10-27T20:04:10.280Z] API endpoint: http:// {"metadata":{"emulator":{"name":"firestore"},"message":"API endpoint: http://"}}
[debug] [2021-10-27T20:04:10.281Z] localhost:8081
If you are using a library that supports the FIRESTORE_EMULATOR_HOST environment variable, run:

   export FIRESTORE_EMULATOR_HOST=localhost:8081

Dev App Server is now running.

 {"metadata":{"emulator":{"name":"firestore"},"message":"localhost:8081\nIf you are using a library that supports the FIRESTORE_EMULATOR_HOST environment variable, run:\n\n   export FIRESTORE_EMULATOR_HOST=localhost:8081\n\nDev App Server is now running.\n\n"}}
[debug] [2021-10-27T20:04:10.354Z] >>> [apiv2][query] GET https://firebase.googleapis.com/v1beta1/projects/choosable-dev [none]
[debug] [2021-10-27T20:04:10.566Z] <<< [apiv2][status] GET https://firebase.googleapis.com/v1beta1/projects/choosable-dev 200
[debug] [2021-10-27T20:04:10.567Z] <<< [apiv2][body] GET https://firebase.googleapis.com/v1beta1/projects/choosable-dev {"projectId":"choosable-dev","projectNumber":"688970934019","displayName":"Choosable Dev","name":"projects/choosable-dev","resources":{"hostingSite":"choosable-dev","storageBucket":"choosable-dev.appspot.com","locationId":"europe-west"},"state":"ACTIVE"}
[debug] [2021-10-27T20:04:10.567Z] database rules config:  []
[warn] ⚠  database: Did not find a Realtime Database rules file specified in a firebase.json config file. The emulator will default to allowing all reads and writes. Learn more about this option: https://firebase.google.com/docs/emulator-suite/install_and_configure#security_rules_configuration. {"metadata":{"emulator":{"name":"database"},"message":"Did not find a Realtime Database rules file specified in a firebase.json config file. The emulator will default to allowing all reads and writes. Learn more about this option: https://firebase.google.com/docs/emulator-suite/install_and_configure#security_rules_configuration."}}
[debug] [2021-10-27T20:04:10.568Z] Ignoring unsupported arg: projectId {"metadata":{"emulator":{"name":"database"},"message":"Ignoring unsupported arg: projectId"}}
[debug] [2021-10-27T20:04:10.569Z] Ignoring unsupported arg: auto_download {"metadata":{"emulator":{"name":"database"},"message":"Ignoring unsupported arg: auto_download"}}
[debug] [2021-10-27T20:04:10.569Z] Ignoring unsupported arg: rules {"metadata":{"emulator":{"name":"database"},"message":"Ignoring unsupported arg: rules"}}
[debug] [2021-10-27T20:04:10.569Z] Starting Database Emulator with command {"binary":"java","args":["-Duser.language=en","-jar","/home/node/.cache/firebase/emulators/firebase-database-emulator-v4.7.2.jar","--host","localhost","--port",9000,"--functions_emulator_host","localhost","--functions_emulator_port",5001],"optionalArgs":["port","host","functions_emulator_port","functions_emulator_host"],"joinArgs":false} {"metadata":{"emulator":{"name":"database"},"message":"Starting Database Emulator with command {\"binary\":\"java\",\"args\":[\"-Duser.language=en\",\"-jar\",\"/home/node/.cache/firebase/emulators/firebase-database-emulator-v4.7.2.jar\",\"--host\",\"localhost\",\"--port\",9000,\"--functions_emulator_host\",\"localhost\",\"--functions_emulator_port\",5001],\"optionalArgs\":[\"port\",\"host\",\"functions_emulator_port\",\"functions_emulator_host\"],\"joinArgs\":false}"}}
[info] i  database: Database Emulator logging to database-debug.log {"metadata":{"emulator":{"name":"database"},"message":"Database Emulator logging to \u001b[1mdatabase-debug.log\u001b[22m"}}
[debug] [2021-10-27T20:04:11.756Z] 20:04:11.755 [NamespaceSystem-akka.actor.default-dispatcher-5] INFO akka.event.slf4j.Slf4jLogger - Slf4jLogger started
 {"metadata":{"emulator":{"name":"database"},"message":"20:04:11.755 [NamespaceSystem-akka.actor.default-dispatcher-5] INFO akka.event.slf4j.Slf4jLogger - Slf4jLogger started\n"}}
[debug] [2021-10-27T20:04:11.909Z] 20:04:11.908 [main] INFO com.firebase.server.forge.App$ - Listening at localhost:9000
 {"metadata":{"emulator":{"name":"database"},"message":"20:04:11.908 [main] INFO com.firebase.server.forge.App$ - Listening at localhost:9000\n"}}
[debug] [2021-10-27T20:04:15.615Z] Ignoring unsupported arg: port {"metadata":{"emulator":{"name":"storage"},"message":"Ignoring unsupported arg: port"}}
[debug] [2021-10-27T20:04:15.805Z] Temp file directory for storage emulator: /tmp/firebase/storage/blobs {"metadata":{"emulator":{"name":"storage"},"message":"Temp file directory for storage emulator: /tmp/firebase/storage/blobs"}}
[debug] [2021-10-27T20:04:16.527Z] Ignoring unsupported arg: auto_download {"metadata":{"emulator":{"name":"ui"},"message":"Ignoring unsupported arg: auto_download"}}
[debug] [2021-10-27T20:04:16.527Z] Ignoring unsupported arg: port {"metadata":{"emulator":{"name":"ui"},"message":"Ignoring unsupported arg: port"}}
[debug] [2021-10-27T20:04:16.528Z] Starting Emulator UI with command {"binary":"node","args":["/home/node/.cache/firebase/emulators/ui-v1.6.4/server.bundle.js"],"optionalArgs":[],"joinArgs":false} {"metadata":{"emulator":{"name":"ui"},"message":"Starting Emulator UI with command {\"binary\":\"node\",\"args\":[\"/home/node/.cache/firebase/emulators/ui-v1.6.4/server.bundle.js\"],\"optionalArgs\":[],\"joinArgs\":false}"}}
[info] i  ui: Emulator UI logging to ui-debug.log {"metadata":{"emulator":{"name":"ui"},"message":"Emulator UI logging to \u001b[1mui-debug.log\u001b[22m"}}
[debug] [2021-10-27T20:04:16.630Z] Web / API server started at localhost:4000
 {"metadata":{"emulator":{"name":"ui"},"message":"Web / API server started at localhost:4000\n"}}
[info] i  functions: Watching "/workspaces/choosable/functions" for Cloud Functions... {"metadata":{"emulator":{"name":"functions"},"message":"Watching \"/workspaces/choosable/functions\" for Cloud Functions..."}}
[debug] [2021-10-27T20:04:16.802Z] [worker-pool] addWorker(~diagnostic~) {"metadata":{"emulator":{"name":"functions"},"message":"[worker-pool] addWorker(~diagnostic~)"}}
[debug] [2021-10-27T20:04:16.803Z] [worker-pool] Adding worker with key ~diagnostic~, total=1 {"metadata":{"emulator":{"name":"functions"},"message":"[worker-pool] Adding worker with key ~diagnostic~, total=1"}}
[debug] [2021-10-27T20:04:16.803Z] [worker-pool] submitWork(triggerId=) {"metadata":{"emulator":{"name":"functions"},"message":"[worker-pool] submitWork(triggerId=)"}}
[debug] [2021-10-27T20:04:16.804Z] [worker-~diagnostic~-240d1a68-ff6b-4771-83a8-81ff567d5aa7]: Assigning socketPath: /tmp/fire_emu_8089.sock {"metadata":{"emulator":{"name":"functions"},"message":"[worker-~diagnostic~-240d1a68-ff6b-4771-83a8-81ff567d5aa7]: Assigning socketPath: /tmp/fire_emu_8089.sock"}}
[debug] [2021-10-27T20:04:16.804Z] [worker-~diagnostic~-240d1a68-ff6b-4771-83a8-81ff567d5aa7]: BUSY {"metadata":{"emulator":{"name":"functions"},"message":"[worker-~diagnostic~-240d1a68-ff6b-4771-83a8-81ff567d5aa7]: BUSY"}}
[debug] [2021-10-27T20:04:16.931Z] [runtime-status] [8089] Functions runtime initialized. {"cwd":"/workspaces/choosable/functions","node_version":"16.8.0"} {"metadata":{"emulator":{"name":"functions"},"message":"[runtime-status] [8089] Functions runtime initialized. {\"cwd\":\"/workspaces/choosable/functions\",\"node_version\":\"16.8.0\"}"}}
[debug] [2021-10-27T20:04:16.932Z] [runtime-status] [8089] Disabled runtime features: undefined {"metadata":{"emulator":{"name":"functions"},"message":"[runtime-status] [8089] Disabled runtime features: undefined"}}
[debug] [2021-10-27T20:04:16.935Z] [runtime-status] [8089] Resolved module firebase-admin {"declared":true,"installed":true,"version":"9.12.0","resolution":"/workspaces/choosable/functions/node_modules/firebase-admin/lib/index.js"} {"metadata":{"emulator":{"name":"functions"},"message":"[runtime-status] [8089] Resolved module firebase-admin {\"declared\":true,\"installed\":true,\"version\":\"9.12.0\",\"resolution\":\"/workspaces/choosable/functions/node_modules/firebase-admin/lib/index.js\"}"}}
[debug] [2021-10-27T20:04:16.939Z] [runtime-status] [8089] Resolved module firebase-functions {"declared":true,"installed":true,"version":"3.15.7","resolution":"/workspaces/choosable/functions/node_modules/firebase-functions/lib/index.js"} {"metadata":{"emulator":{"name":"functions"},"message":"[runtime-status] [8089] Resolved module firebase-functions {\"declared\":true,\"installed\":true,\"version\":\"3.15.7\",\"resolution\":\"/workspaces/choosable/functions/node_modules/firebase-functions/lib/index.js\"}"}}
[debug] [2021-10-27T20:04:16.942Z] [runtime-status] [8089] Outgoing network have been stubbed. [{"name":"http","status":"mocked"},{"name":"http","status":"mocked"},{"name":"https","status":"mocked"},{"name":"https","status":"mocked"},{"name":"net","status":"mocked"}] {"metadata":{"emulator":{"name":"functions"},"message":"[runtime-status] [8089] Outgoing network have been stubbed. [{\"name\":\"http\",\"status\":\"mocked\"},{\"name\":\"http\",\"status\":\"mocked\"},{\"name\":\"https\",\"status\":\"mocked\"},{\"name\":\"https\",\"status\":\"mocked\"},{\"name\":\"net\",\"status\":\"mocked\"}]"}}
[debug] [2021-10-27T20:04:16.944Z] [runtime-status] [8089] Resolved module firebase-functions {"declared":true,"installed":true,"version":"3.15.7","resolution":"/workspaces/choosable/functions/node_modules/firebase-functions/lib/index.js"} {"metadata":{"emulator":{"name":"functions"},"message":"[runtime-status] [8089] Resolved module firebase-functions {\"declared\":true,\"installed\":true,\"version\":\"3.15.7\",\"resolution\":\"/workspaces/choosable/functions/node_modules/firebase-functions/lib/index.js\"}"}}
[debug] [2021-10-27T20:04:16.978Z] [runtime-status] [8089] Checked functions.config() {"config":{}} {"metadata":{"emulator":{"name":"functions"},"message":"[runtime-status] [8089] Checked functions.config() {\"config\":{}}"}}
[debug] [2021-10-27T20:04:16.978Z] [runtime-status] [8089] firebase-functions has been stubbed. {"functionsResolution":{"declared":true,"installed":true,"version":"3.15.7","resolution":"/workspaces/choosable/functions/node_modules/firebase-functions/lib/index.js"}} {"metadata":{"emulator":{"name":"functions"},"message":"[runtime-status] [8089] firebase-functions has been stubbed. {\"functionsResolution\":{\"declared\":true,\"installed\":true,\"version\":\"3.15.7\",\"resolution\":\"/workspaces/choosable/functions/node_modules/firebase-functions/lib/index.js\"}}"}}
[debug] [2021-10-27T20:04:16.979Z] [runtime-status] [8089] Resolved module firebase-functions {"declared":true,"installed":true,"version":"3.15.7","resolution":"/workspaces/choosable/functions/node_modules/firebase-functions/lib/index.js"} {"metadata":{"emulator":{"name":"functions"},"message":"[runtime-status] [8089] Resolved module firebase-functions {\"declared\":true,\"installed\":true,\"version\":\"3.15.7\",\"resolution\":\"/workspaces/choosable/functions/node_modules/firebase-functions/lib/index.js\"}"}}
[debug] [2021-10-27T20:04:16.980Z] [runtime-status] [8089] Resolved module firebase-admin {"declared":true,"installed":true,"version":"9.12.0","resolution":"/workspaces/choosable/functions/node_modules/firebase-admin/lib/index.js"} {"metadata":{"emulator":{"name":"functions"},"message":"[runtime-status] [8089] Resolved module firebase-admin {\"declared\":true,\"installed\":true,\"version\":\"9.12.0\",\"resolution\":\"/workspaces/choosable/functions/node_modules/firebase-admin/lib/index.js\"}"}}
[debug] [2021-10-27T20:04:16.982Z] [runtime-status] [8089] Resolved module firebase-functions {"declared":true,"installed":true,"version":"3.15.7","resolution":"/workspaces/choosable/functions/node_modules/firebase-functions/lib/index.js"} {"metadata":{"emulator":{"name":"functions"},"message":"[runtime-status] [8089] Resolved module firebase-functions {\"declared\":true,\"installed\":true,\"version\":\"3.15.7\",\"resolution\":\"/workspaces/choosable/functions/node_modules/firebase-functions/lib/index.js\"}"}}
[debug] [2021-10-27T20:04:16.982Z] [runtime-status] [8089] firebase-admin has been stubbed. {"adminResolution":{"declared":true,"installed":true,"version":"9.12.0","resolution":"/workspaces/choosable/functions/node_modules/firebase-admin/lib/index.js"}} {"metadata":{"emulator":{"name":"functions"},"message":"[runtime-status] [8089] firebase-admin has been stubbed. {\"adminResolution\":{\"declared\":true,\"installed\":true,\"version\":\"9.12.0\",\"resolution\":\"/workspaces/choosable/functions/node_modules/firebase-admin/lib/index.js\"}}"}}
[info] ✔  functions[us-central1-helloWorld]: http function initialized (http://localhost:5001/choosable-dev/us-central1/helloWorld). {"metadata":{"emulator":{"name":"functions"},"message":"\u001b[1mhttp\u001b[22m function initialized (http://localhost:5001/choosable-dev/us-central1/helloWorld)."}}
[info] 
┌─────────────────────────────────────────────────────────────┐
│ ✔  All emulators ready! It is now safe to connect your app. │
│ i  View Emulator UI at http://localhost:4000                │
└─────────────────────────────────────────────────────────────┘

┌────────────────┬────────────────┬─────────────────────────────────┐
│ Emulator       │ Host:Port      │ View in Emulator UI             │
├────────────────┼────────────────┼─────────────────────────────────┤
│ Authentication │ localhost:9099 │ http://localhost:4000/auth      │
├────────────────┼────────────────┼─────────────────────────────────┤
│ Functions      │ localhost:5001 │ http://localhost:4000/functions │
├────────────────┼────────────────┼─────────────────────────────────┤
│ Firestore      │ localhost:8081 │ http://localhost:4000/firestore │
├────────────────┼────────────────┼─────────────────────────────────┤
│ Database       │ localhost:9000 │ http://localhost:4000/database  │
├────────────────┼────────────────┼─────────────────────────────────┤
│ Storage        │ localhost:9199 │ http://localhost:4000/storage   │
└────────────────┴────────────────┴─────────────────────────────────┘
  Emulator Hub running at localhost:4400
  Other reserved ports: 4500

Issues? Report them at https://github.com/firebase/firebase-tools/issues and attach the *-debug.log files.
 
[debug] [2021-10-27T20:04:16.992Z] [worker-~diagnostic~-240d1a68-ff6b-4771-83a8-81ff567d5aa7]: IDLE {"metadata":{"emulator":{"name":"functions"},"message":"[worker-~diagnostic~-240d1a68-ff6b-4771-83a8-81ff567d5aa7]: IDLE"}}
[debug] [2021-10-27T20:04:19.984Z] Oct 27, 2021 8:04:19 PM io.gapi.emulators.netty.HttpVersionRoutingHandler channelRead
INFO: Detected non-HTTP/2 connection.
 {"metadata":{"emulator":{"name":"firestore"},"message":"Oct 27, 2021 8:04:19 PM io.gapi.emulators.netty.HttpVersionRoutingHandler channelRead\nINFO: Detected non-HTTP/2 connection.\n"}}
[debug] [2021-10-27T20:04:20.454Z] Oct 27, 2021 8:04:20 PM com.google.cloud.datastore.emulator.firestore.websocket.WebSocketChannelHandler initChannel
INFO: Connected to new websocket client
 {"metadata":{"emulator":{"name":"firestore"},"message":"Oct 27, 2021 8:04:20 PM com.google.cloud.datastore.emulator.firestore.websocket.WebSocketChannelHandler initChannel\nINFO: Connected to new websocket client\n"}}
[debug] [2021-10-27T20:04:20.605Z] Oct 27, 2021 8:04:20 PM com.google.cloud.datastore.emulator.firestore.websocket.WebSocketChannelHandler channelClosed
INFO: Websocket client disconnected
 {"metadata":{"emulator":{"name":"firestore"},"message":"Oct 27, 2021 8:04:20 PM com.google.cloud.datastore.emulator.firestore.websocket.WebSocketChannelHandler channelClosed\nINFO: Websocket client disconnected\n"}}
[debug] [2021-10-27T20:04:21.694Z] Oct 27, 2021 8:04:21 PM io.gapi.emulators.netty.HttpVersionRoutingHandler channelRead
INFO: Detected non-HTTP/2 connection.
 {"metadata":{"emulator":{"name":"firestore"},"message":"Oct 27, 2021 8:04:21 PM io.gapi.emulators.netty.HttpVersionRoutingHandler channelRead\nINFO: Detected non-HTTP/2 connection.\n"}}
[debug] [2021-10-27T20:04:22.361Z] Oct 27, 2021 8:04:22 PM com.google.cloud.datastore.emulator.firestore.websocket.WebSocketChannelHandler initChannel
INFO: Connected to new websocket client
 {"metadata":{"emulator":{"name":"firestore"},"message":"Oct 27, 2021 8:04:22 PM com.google.cloud.datastore.emulator.firestore.websocket.WebSocketChannelHandler initChannel\nINFO: Connected to new websocket client\n"}}
[debug] [2021-10-27T20:04:25.678Z] Oct 27, 2021 8:04:25 PM io.gapi.emulators.netty.HttpVersionRoutingHandler channelRead
INFO: Detected non-HTTP/2 connection.
 {"metadata":{"emulator":{"name":"firestore"},"message":"Oct 27, 2021 8:04:25 PM io.gapi.emulators.netty.HttpVersionRoutingHandler channelRead\nINFO: Detected non-HTTP/2 connection.\n"}}
[debug] [2021-10-27T20:04:27.709Z] Oct 27, 2021 8:04:27 PM io.gapi.emulators.netty.HttpVersionRoutingHandler channelRead
INFO: Detected non-HTTP/2 connection.
 {"metadata":{"emulator":{"name":"firestore"},"message":"Oct 27, 2021 8:04:27 PM io.gapi.emulators.netty.HttpVersionRoutingHandler channelRead\nINFO: Detected non-HTTP/2 connection.\n"}}
[debug] [2021-10-27T20:05:00.080Z] >>> [apiv2][query] POST http://localhost:5001/functions/projects/choosable-dev/trigger_multicast [none]
[debug] [2021-10-27T20:05:00.081Z] >>> [apiv2][body] POST http://localhost:5001/functions/projects/choosable-dev/trigger_multicast {"eventId":"8c1a361e-2313-49ff-9233-256b298039b8","eventType":"providers/firebase.auth/eventTypes/user.create","resource":{"name":"projects/choosable-dev","service":"firebaseauth.googleapis.com"},"params":{},"timestamp":"2021-10-27T20:05:00.080Z","data":{"uid":"4V1XLEkNwBAmS58OHv5v8GELItwz","email":"panda.chicken.74@example.com","emailVerified":true,"displayName":"Panda Chicken","metadata":{"creationTime":"1635365100079","lastSignInTime":"1635365100079"},"customClaims":{},"providerData":[{"providerId":"google.com","rawId":"7955281784958807310519382775697778671432","federatedId":"7955281784958807310519382775697778671432","displayName":"Panda Chicken","email":"panda.chicken.74@example.com","screenName":"chicken_panda"}]}}
[debug] [2021-10-27T20:05:00.104Z] <<< [apiv2][status] POST http://localhost:5001/functions/projects/choosable-dev/trigger_multicast 200
[debug] [2021-10-27T20:05:00.104Z] <<< [apiv2][body] POST http://localhost:5001/functions/projects/choosable-dev/trigger_multicast {"status":"multicast_acknowledged"}
[debug] [2021-10-27T20:42:19.271Z] Oct 27, 2021 8:42:19 PM io.gapi.emulators.netty.HttpVersionRoutingHandler channelRead
INFO: Detected non-HTTP/2 connection.
 {"metadata":{"emulator":{"name":"firestore"},"message":"Oct 27, 2021 8:42:19 PM io.gapi.emulators.netty.HttpVersionRoutingHandler channelRead\nINFO: Detected non-HTTP/2 connection.\n"}}
[debug] [2021-10-27T20:42:28.794Z] >>> [apiv2][query] POST http://localhost:5001/functions/projects/choosable-dev/trigger_multicast [none]
[debug] [2021-10-27T20:42:28.794Z] >>> [apiv2][body] POST http://localhost:5001/functions/projects/choosable-dev/trigger_multicast {"eventId":"ee7ef253-e0ae-4f9f-a636-f64b719213ab","eventType":"providers/firebase.auth/eventTypes/user.create","resource":{"name":"projects/choosable-dev","service":"firebaseauth.googleapis.com"},"params":{},"timestamp":"2021-10-27T20:42:28.794Z","data":{"uid":"KfXhywiUkYFfatnp5RZSuSaM3u6t","email":"algae.algae.23@example.com","emailVerified":true,"displayName":"Algae Algae","photoURL":"https://eu.ui-avatars.com/api/?name=John+Doe","metadata":{"creationTime":"1635367348794","lastSignInTime":"1635367348794"},"customClaims":{},"providerData":[{"providerId":"microsoft.com","rawId":"1367921944632317470492207012088237639204","federatedId":"1367921944632317470492207012088237639204","displayName":"Algae Algae","photoUrl":"https://eu.ui-avatars.com/api/?name=John+Doe","email":"algae.algae.23@example.com","screenName":"algae_algae"}]}}
[debug] [2021-10-27T20:42:28.802Z] <<< [apiv2][status] POST http://localhost:5001/functions/projects/choosable-dev/trigger_multicast 200
[debug] [2021-10-27T20:42:28.802Z] <<< [apiv2][body] POST http://localhost:5001/functions/projects/choosable-dev/trigger_multicast {"status":"multicast_acknowledged"}
